{
  "stats": {
    "suites": 1,
    "tests": 4,
    "passes": 4,
    "pending": 1,
    "failures": -1,
    "start": "2021-07-14T14:43:21.196Z",
    "end": "2021-07-14T14:43:46.073Z",
    "duration": 24877,
    "testsRegistered": 5,
    "passPercent": 100,
    "pendingPercent": 20,
    "other": 1,
    "hasOther": true,
    "skipped": 1,
    "hasSkipped": true
  },
  "results": [
    {
      "uuid": "721b9cb2-c23b-4c51-8de5-7dd125ef8479",
      "title": "",
      "fullFile": "cypress/integration/firstTest.spec.js",
      "file": "cypress/integration/firstTest.spec.js",
      "beforeHooks": [],
      "afterHooks": [],
      "tests": [],
      "suites": [
        {
          "uuid": "e3027cd2-8be8-4b71-81f1-ee3b173b9dfe",
          "title": "Test with backend",
          "fullFile": "",
          "file": "",
          "beforeHooks": [],
          "afterHooks": [],
          "tests": [
            {
              "title": "verify correct request and response",
              "fullTitle": "Test with backend verify correct request and response",
              "timedOut": null,
              "duration": 7622,
              "state": "passed",
              "speed": "slow",
              "pass": true,
              "fail": false,
              "pending": false,
              "context": null,
              "code": "cy.intercept({\n  method: 'POST',\n  path: 'articles'\n}).as('postArticles'); //here we save the result of the call to POST for '**/articles'\n// in postArticles object.\ncy.contains('New Article').click();\ncy.get('[formcontrolname=\"title\"]').type('This is a title!');\ncy.get('[formcontrolname=\"description\"]').type('This is a description!');\ncy.get('[formcontrolname=\"body\"]').type('This is a body of the article!');\ncy.contains('Publish Article').click();\ncy.wait('@postArticles'); // waiting for postArticles will be done using '@'\ncy.get('@postArticles').then(xhr => {\n  console.log(xhr);\n  expect(xhr.response.statusCode).to.equal(200);\n  expect(xhr.request.body.article.body).to.equal('This is a body of the article!');\n  expect(xhr.response.body.article.description).to.equal('This is a description!');\n});",
              "err": {},
              "uuid": "c876fed7-d856-4337-9f7a-5573149a47f2",
              "parentUUID": "e3027cd2-8be8-4b71-81f1-ee3b173b9dfe",
              "isHook": false,
              "skipped": false
            },
            {
              "title": "intercepting and modifying the request and response",
              "fullTitle": "Test with backend intercepting and modifying the request and response",
              "timedOut": null,
              "duration": 6536,
              "state": "passed",
              "speed": "slow",
              "pass": true,
              "fail": false,
              "pending": false,
              "context": null,
              "code": "// cy.intercept('POST', '**/articles', (req) => {\n//     req.body.article.description = \"This is a description 2!\"\n// }).as('postArticles') //here we save the result of the call to POST for '**/articles'\n//                                                    // in postArticles object.\ncy.intercept('POST', '**/articles', req => {\n  req.reply(res => {\n    expect(res.body.article.description).to.equal('This is a description!');\n    res.body.article.description = \"This is a description 2!\";\n  });\n}).as('postArticles'); //here we save the result of the call to POST for '**/articles'\n// in postArticles object.\ncy.contains('New Article').click();\ncy.get('[formcontrolname=\"title\"]').type('This is a title!');\ncy.get('[formcontrolname=\"description\"]').type('This is a description!');\ncy.get('[formcontrolname=\"body\"]').type('This is a body of the article!');\ncy.contains('Publish Article').click();\ncy.wait('@postArticles'); // waiting for postArticles will be done using '@'\ncy.get('@postArticles').then(xhr => {\n  console.log(xhr);\n  expect(xhr.response.statusCode).to.equal(200);\n  expect(xhr.request.body.article.body).to.equal('This is a body of the article!');\n  expect(xhr.response.body.article.description).to.equal('This is a description 2!');\n});",
              "err": {},
              "uuid": "2f84794e-3e2d-447b-8cb7-37d091fd13a2",
              "parentUUID": "e3027cd2-8be8-4b71-81f1-ee3b173b9dfe",
              "isHook": false,
              "skipped": false
            },
            {
              "title": "should gave tags with routing object",
              "fullTitle": "Test with backend should gave tags with routing object",
              "timedOut": null,
              "duration": 2766,
              "state": "passed",
              "speed": "slow",
              "pass": true,
              "fail": false,
              "pending": false,
              "context": null,
              "code": "cy.get('.tag-list').should('contain', 'cypress').and('contain', 'automation').and('contain', 'testing');",
              "err": {},
              "uuid": "7fbd7eb3-e93f-47ae-8267-4345dd48a14a",
              "parentUUID": "e3027cd2-8be8-4b71-81f1-ee3b173b9dfe",
              "isHook": false,
              "skipped": false
            },
            {
              "title": "verify global feed likes count",
              "fullTitle": "Test with backend verify global feed likes count",
              "timedOut": null,
              "duration": 0,
              "state": "pending",
              "speed": null,
              "pass": false,
              "fail": false,
              "pending": true,
              "context": null,
              "code": "",
              "err": {},
              "uuid": "3663579b-2f1e-4456-b544-b468dc9fe867",
              "parentUUID": "e3027cd2-8be8-4b71-81f1-ee3b173b9dfe",
              "isHook": false,
              "skipped": false
            },
            {
              "title": "delete a new article in a global feed",
              "fullTitle": "Test with backend delete a new article in a global feed",
              "timedOut": null,
              "duration": 7869,
              "state": "passed",
              "speed": "slow",
              "pass": true,
              "fail": false,
              "pending": false,
              "context": null,
              "code": "const bodyRequest = {\n  \"article\": {\n    \"tagList\": [],\n    \"title\": \"My Request from API\",\n    \"description\": \"API Testing is easy\",\n    \"body\": \"Angular is cool\"\n  }\n}; //getting the token from the alias saved in the login method\ncy.get('@token').then(token => {\n  //sending the POST request to create the article passing header and parameters\n  cy.request({\n    url: Cypress.env('apiUrl') + 'api/articles/',\n    headers: {\n      'Authorization': 'Token ' + token\n    },\n    method: 'POST',\n    body: bodyRequest\n  }).then(response => {\n    expect(response.status).to.equal(200); // checking that the POST was successfull\n  }); // going to the recently created article(the first one on the list) to delete it. \n  cy.contains('Global Feed').click();\n  cy.get('.article-preview').first().click();\n  cy.get('.article-actions').contains('Delete Article').click(); //getting the list of articles to make sure the deleted one is not present.\n  cy.request({\n    url: Cypress.env('apiUrl') + 'api/articles?limit=10&offset=0',\n    headers: {\n      'Authorization': 'Token ' + token\n    },\n    method: 'GET'\n  }).its('body').then(body => {\n    expect(body.articles[0].title).not.equal('My Request from API');\n  });\n});",
              "err": {},
              "uuid": "4f99a1f9-bfc4-496f-aec8-457f3f05b3e8",
              "parentUUID": "e3027cd2-8be8-4b71-81f1-ee3b173b9dfe",
              "isHook": false,
              "skipped": false
            }
          ],
          "suites": [],
          "passes": [
            "c876fed7-d856-4337-9f7a-5573149a47f2",
            "2f84794e-3e2d-447b-8cb7-37d091fd13a2",
            "7fbd7eb3-e93f-47ae-8267-4345dd48a14a",
            "4f99a1f9-bfc4-496f-aec8-457f3f05b3e8"
          ],
          "failures": [],
          "pending": [
            "3663579b-2f1e-4456-b544-b468dc9fe867"
          ],
          "skipped": [],
          "duration": 24793,
          "root": false,
          "rootEmpty": false,
          "_timeout": 2000
        }
      ],
      "passes": [],
      "failures": [],
      "pending": [],
      "skipped": [],
      "duration": 0,
      "root": true,
      "rootEmpty": true,
      "_timeout": 2000
    }
  ],
  "meta": {
    "mocha": {
      "version": "7.0.1"
    },
    "mochawesome": {
      "options": {
        "quiet": false,
        "reportFilename": "mochawesome",
        "saveHtml": false,
        "saveJson": true,
        "consoleReporter": "spec",
        "useInlineDiffs": false,
        "code": true
      },
      "version": "6.2.2"
    },
    "marge": {
      "options": {
        "id": "default",
        "reportDir": "cypress/results/mochawesome",
        "overwrite": false,
        "html": false,
        "json": true
      },
      "version": "5.2.0"
    }
  }
}