{
  "stats": {
    "suites": 1,
    "tests": 4,
    "passes": 4,
    "pending": 1,
    "failures": -1,
    "start": "2021-07-07T14:26:59.044Z",
    "end": "2021-07-07T14:27:18.286Z",
    "duration": 19242,
    "testsRegistered": 5,
    "passPercent": 100,
    "pendingPercent": 20,
    "other": 1,
    "hasOther": true,
    "skipped": 1,
    "hasSkipped": true
  },
  "results": [
    {
      "uuid": "cb785f88-59eb-44e0-a571-1c3d096747c7",
      "title": "",
      "fullFile": "cypress/integration/firstTest.spec.js",
      "file": "cypress/integration/firstTest.spec.js",
      "beforeHooks": [],
      "afterHooks": [],
      "tests": [],
      "suites": [
        {
          "uuid": "ab4e7e4a-05aa-4928-b61c-2da561ec55db",
          "title": "Test with backend",
          "fullFile": "",
          "file": "",
          "beforeHooks": [],
          "afterHooks": [],
          "tests": [
            {
              "title": "verify correct request and response",
              "fullTitle": "Test with backend verify correct request and response",
              "timedOut": null,
              "duration": 6990,
              "state": "passed",
              "speed": "slow",
              "pass": true,
              "fail": false,
              "pending": false,
              "context": null,
              "code": "cy.intercept({\n  method: 'POST',\n  path: 'articles'\n}).as('postArticles'); //here we save the result of the call to POST for '**/articles'\n// in postArticles object.\ncy.contains('New Article').click();\ncy.get('[formcontrolname=\"title\"]').type('This is a title!');\ncy.get('[formcontrolname=\"description\"]').type('This is a description!');\ncy.get('[formcontrolname=\"body\"]').type('This is a body of the article!');\ncy.contains('Publish Article').click();\ncy.wait('@postArticles'); // waiting for postArticles will be done using '@'\ncy.get('@postArticles').then(xhr => {\n  console.log(xhr);\n  expect(xhr.response.statusCode).to.equal(200);\n  expect(xhr.request.body.article.body).to.equal('This is a body of the article!');\n  expect(xhr.response.body.article.description).to.equal('This is a description!');\n});",
              "err": {},
              "uuid": "6a69d5b7-8dd7-4819-b9cd-1c9012bf9160",
              "parentUUID": "ab4e7e4a-05aa-4928-b61c-2da561ec55db",
              "isHook": false,
              "skipped": false
            },
            {
              "title": "intercepting and modifying the request and response",
              "fullTitle": "Test with backend intercepting and modifying the request and response",
              "timedOut": null,
              "duration": 4538,
              "state": "passed",
              "speed": "slow",
              "pass": true,
              "fail": false,
              "pending": false,
              "context": null,
              "code": "// cy.intercept('POST', '**/articles', (req) => {\n//     req.body.article.description = \"This is a description 2!\"\n// }).as('postArticles') //here we save the result of the call to POST for '**/articles'\n//                                                    // in postArticles object.\ncy.intercept('POST', '**/articles', req => {\n  req.reply(res => {\n    expect(res.body.article.description).to.equal('This is a description!');\n    res.body.article.description = \"This is a description 2!\";\n  });\n}).as('postArticles'); //here we save the result of the call to POST for '**/articles'\n// in postArticles object.\ncy.contains('New Article').click();\ncy.get('[formcontrolname=\"title\"]').type('This is a title!');\ncy.get('[formcontrolname=\"description\"]').type('This is a description!');\ncy.get('[formcontrolname=\"body\"]').type('This is a body of the article!');\ncy.contains('Publish Article').click();\ncy.wait('@postArticles'); // waiting for postArticles will be done using '@'\ncy.get('@postArticles').then(xhr => {\n  console.log(xhr);\n  expect(xhr.response.statusCode).to.equal(200);\n  expect(xhr.request.body.article.body).to.equal('This is a body of the article!');\n  expect(xhr.response.body.article.description).to.equal('This is a description 2!');\n});",
              "err": {},
              "uuid": "4db79023-94fc-4c56-9d18-50bff9665805",
              "parentUUID": "ab4e7e4a-05aa-4928-b61c-2da561ec55db",
              "isHook": false,
              "skipped": false
            },
            {
              "title": "should gave tags with routing object",
              "fullTitle": "Test with backend should gave tags with routing object",
              "timedOut": null,
              "duration": 2132,
              "state": "passed",
              "speed": "slow",
              "pass": true,
              "fail": false,
              "pending": false,
              "context": null,
              "code": "cy.get('.tag-list').should('contain', 'cypress').and('contain', 'automation').and('contain', 'testing');",
              "err": {},
              "uuid": "4690d337-47b4-4607-975d-943dd5812bc5",
              "parentUUID": "ab4e7e4a-05aa-4928-b61c-2da561ec55db",
              "isHook": false,
              "skipped": false
            },
            {
              "title": "verify global feed likes count",
              "fullTitle": "Test with backend verify global feed likes count",
              "timedOut": null,
              "duration": 0,
              "state": "pending",
              "speed": null,
              "pass": false,
              "fail": false,
              "pending": true,
              "context": null,
              "code": "",
              "err": {},
              "uuid": "9e1b5c24-9fb0-4f51-9fd4-78a2f34238f1",
              "parentUUID": "ab4e7e4a-05aa-4928-b61c-2da561ec55db",
              "isHook": false,
              "skipped": false
            },
            {
              "title": "delete a new article in a global feed",
              "fullTitle": "Test with backend delete a new article in a global feed",
              "timedOut": null,
              "duration": 5493,
              "state": "passed",
              "speed": "slow",
              "pass": true,
              "fail": false,
              "pending": false,
              "context": null,
              "code": "const bodyRequest = {\n  \"article\": {\n    \"tagList\": [],\n    \"title\": \"Request from API\",\n    \"description\": \"API Testing is easy\",\n    \"body\": \"Angular is cool\"\n  }\n}; //getting the token from the alias saved in the login method\ncy.get('@token').then(token => {\n  //sending the POST request to create the article passing header and parameters\n  cy.request({\n    url: Cypress.env('apiUrl') + 'api/articles/',\n    headers: {\n      'Authorization': 'Token ' + token\n    },\n    method: 'POST',\n    body: bodyRequest\n  }).then(response => {\n    expect(response.status).to.equal(200); // checking that the POST was successfull\n  }); // going to the recently created article(the first one on the list) to delete it. \n  cy.contains('Global Feed').click();\n  cy.get('.article-preview').first().click();\n  cy.get('.article-actions').contains('Delete Article').click(); //getting the list of articles to make sure the deleted one is not present.\n  cy.request({\n    url: Cypress.env('apiUrl') + 'api/articles?limit=10&offset=0',\n    headers: {\n      'Authorization': 'Token ' + token\n    },\n    method: 'GET'\n  }).its('body').then(body => {\n    expect(body.articles[0].title).not.equal('Request from API');\n  });\n});",
              "err": {},
              "uuid": "88ccbbdc-66d5-4e19-8f7b-f4885fd51ce8",
              "parentUUID": "ab4e7e4a-05aa-4928-b61c-2da561ec55db",
              "isHook": false,
              "skipped": false
            }
          ],
          "suites": [],
          "passes": [
            "6a69d5b7-8dd7-4819-b9cd-1c9012bf9160",
            "4db79023-94fc-4c56-9d18-50bff9665805",
            "4690d337-47b4-4607-975d-943dd5812bc5",
            "88ccbbdc-66d5-4e19-8f7b-f4885fd51ce8"
          ],
          "failures": [],
          "pending": [
            "9e1b5c24-9fb0-4f51-9fd4-78a2f34238f1"
          ],
          "skipped": [],
          "duration": 19153,
          "root": false,
          "rootEmpty": false,
          "_timeout": 2000
        }
      ],
      "passes": [],
      "failures": [],
      "pending": [],
      "skipped": [],
      "duration": 0,
      "root": true,
      "rootEmpty": true,
      "_timeout": 2000
    }
  ],
  "meta": {
    "mocha": {
      "version": "7.0.1"
    },
    "mochawesome": {
      "options": {
        "quiet": false,
        "reportFilename": "mochawesome",
        "saveHtml": false,
        "saveJson": true,
        "consoleReporter": "spec",
        "useInlineDiffs": false,
        "code": true
      },
      "version": "6.2.2"
    },
    "marge": {
      "options": {
        "id": "default",
        "reportDir": "cypress/results/mochawesome",
        "overwrite": false,
        "html": false,
        "json": true
      },
      "version": "5.2.0"
    }
  }
}